[debug] [2024-06-26T06:31:55.723Z] ----------------------------------------------------------------------
[debug] [2024-06-26T06:31:55.727Z] Command:       C:\Program Files\nodejs\node.exe C:\Users\lenovo\AppData\Roaming\npm\node_modules\firebase-tools\lib\bin\firebase.js init functions
[debug] [2024-06-26T06:31:55.728Z] CLI Version:   12.5.3
[debug] [2024-06-26T06:31:55.728Z] Platform:      win32
[debug] [2024-06-26T06:31:55.729Z] Node Version:  v19.4.0
[debug] [2024-06-26T06:31:55.729Z] Time:          Wed Jun 26 2024 13:31:55 GMT+0700 (Indochina Time)
[debug] [2024-06-26T06:31:55.729Z] ----------------------------------------------------------------------
[debug] 
[debug] [2024-06-26T06:31:55.744Z] > command requires scopes: ["email","openid","https://www.googleapis.com/auth/cloudplatformprojects.readonly","https://www.googleapis.com/auth/firebase","https://www.googleapis.com/auth/cloud-platform"]
[debug] [2024-06-26T06:31:55.745Z] > authorizing via signed-in user (dfauzi250@gmail.com)
[info] 
     ######## #### ########  ######## ########     ###     ######  ########
     ##        ##  ##     ## ##       ##     ##  ##   ##  ##       ##
     ######    ##  ########  ######   ########  #########  ######  ######
     ##        ##  ##    ##  ##       ##     ## ##     ##       ## ##
     ##       #### ##     ## ######## ########  ##     ##  ######  ########

You're about to initialize a Firebase project in this directory:

  D:\react\uzymessage-app

[info] 
=== Project Setup
[info] 
[info] First, let's associate this project directory with a Firebase project.
[info] You can create multiple project aliases by running firebase use --add, 
[info] but for now we'll just set up a default project.
[info] 
